A D/.settings////
A D/code-gen-templates////
A D/cpeCommon////
A D/deviceCommon////
A D/docs////
A D/igdCommon////
A D/includes////
A D/main////
A D/soapRpc////
A D/testCases////
A D/tr-098-1-2-0////
A D/tr-098-1-4-0////
A D/tr-098-1-8-0////
A D/tr-098-1-8-tr-143////
A D/tr-181-2-11////
A D/tr-181-2-4////
A D/tr-181-2-9////
A D/tr111////
A D/tr143////
A D/tr181-simple////
A D/clientapi////
A D/gslib////
R D/tr181-simple////
R D/tr143////
R D/tr-181-2-9////
R D/tr-181-2-11////
R D/tr-098-1-8-tr-143////
R D/tr-098-1-8-0////
R D/.settings////
